<?xml version="1.0" encoding="UTF-8"?>
<beans xmlns="http://www.springframework.org/schema/beans"
	xmlns:xsi="http://www.w3.org/2001/XMLSchema-instance"
	xmlns:aop="http://www.springframework.org/schema/aop"
	xmlns:tx="http://www.springframework.org/schema/tx"
	xmlns:context="http://www.springframework.org/schema/context"
	xsi:schemaLocation="http://www.springframework.org/schema/beans http://www.springframework.org/schema/beans/spring-beans-4.1.xsd
		http://www.springframework.org/schema/aop http://www.springframework.org/schema/aop/spring-aop-4.1.xsd
		http://www.springframework.org/schema/tx http://www.springframework.org/schema/tx/spring-tx-4.1.xsd
		http://www.springframework.org/schema/context http://www.springframework.org/schema/context/spring-context-4.1.xsd">

	<!-- <context:annotation-config /> -->

  <bean id="dataSource" class="org.springframework.jdbc.datasource.SimpleDriverDataSource">
    <property name="driverClass" value="org.h2.Driver"/>
    <property name="url" value="jdbc:h2:mem:test;MODE=MYSQL;DB_CLOSE_DELAY=-1;DATABASE_TO_UPPER=false" />
    <property name="username" value="sa" />
    <property name="password" value="1234" />
  </bean>
<!-- transaction http://monstersandwich.blogspot.kr/2010/04/spring-transactions-sample-applications.html -->
  <bean id="transactionManager" class="org.springframework.jdbc.datasource.DataSourceTransactionManager">
    <property name="dataSource" ref="dataSource" />
  </bean>
  <tx:advice id="txAdvice" transaction-manager="transactionManager">
    <tx:attributes>
      <tx:method name="select*" read-only="true" />
        <tx:method name="*" />
    </tx:attributes>
  </tx:advice>
  <aop:config>
    <aop:pointcut id="txPointcut" expression="execution(* com.school.bank_java.service.*.*(..))" />
    <aop:advisor advice-ref="txAdvice" pointcut-ref="txPointcut" />
  </aop:config>

  <bean id="sqlSessionFactory" class="org.mybatis.spring.SqlSessionFactoryBean">
    <property name="dataSource" ref="dataSource" />
    <property name="configLocation" value="classpath:com/school/bank_java/mybatis/conf/mybatis-config.xml" />
  </bean>
  <bean id="sqlSession" class="org.mybatis.spring.SqlSessionTemplate" >
    <constructor-arg ref="sqlSessionFactory" />
  </bean>
  <bean id="UserDao" class="com.school.bank_java.dao.mybatis.MybatisUserDao">
    <constructor-arg name="session" ref="sqlSession"/>
  </bean>
  <bean id="AccountDao" class="com.school.bank_java.dao.mybatis.MybatisAccountDao">
    <constructor-arg name="session" ref="sqlSession"/>
  </bean>
  <bean id="UserService" class="com.school.bank_java.service.UserService" >
    <constructor-arg name="dao" ref="UserDao"/>
  </bean>
  <bean id="AccountService" class="com.school.bank_java.service.AccountService" >
    <constructor-arg name="dao" ref="AccountDao"/>
  </bean>
  <bean id="LoginCommand" class="com.school.bank_java.command.LoginCommand"/>
  <bean id="AccountCommand" class="com.school.bank_java.command.AccountCommand"/>
</beans>
